  MarkovChain.cpp
C:\Users\Lefkos Savvides\Desktop\ProcGen\ProceduralGenerationCharacters\PCG_Character\MarkovChain.cpp(15,20): warning C4018:  '<': signed/unsigned mismatch
C:\Users\Lefkos Savvides\Desktop\ProcGen\ProceduralGenerationCharacters\PCG_Character\MarkovChain.cpp(29,20): warning C4018:  '<': signed/unsigned mismatch
C:\Users\Lefkos Savvides\Desktop\ProcGen\ProceduralGenerationCharacters\PCG_Character\MarkovChain.cpp(45,36): warning C4018:  '<': signed/unsigned mismatch
C:\Users\Lefkos Savvides\Desktop\ProcGen\ProceduralGenerationCharacters\PCG_Character\MarkovChain.cpp(74,20): warning C4018:  '<': signed/unsigned mismatch
C:\Users\Lefkos Savvides\Desktop\ProcGen\ProceduralGenerationCharacters\PCG_Character\MarkovChain.cpp(92,36): warning C4018:  '<': signed/unsigned mismatch
C:\Users\Lefkos Savvides\Desktop\ProcGen\ProceduralGenerationCharacters\PCG_Character\MarkovChain.cpp(98,36): warning C4244:  'argument': conversion from 'int' to 'const _Ty', possible loss of data
C:\Users\Lefkos Savvides\Desktop\ProcGen\ProceduralGenerationCharacters\PCG_Character\MarkovChain.cpp(98,36): warning C4244:         with
C:\Users\Lefkos Savvides\Desktop\ProcGen\ProceduralGenerationCharacters\PCG_Character\MarkovChain.cpp(98,36): warning C4244:         [
C:\Users\Lefkos Savvides\Desktop\ProcGen\ProceduralGenerationCharacters\PCG_Character\MarkovChain.cpp(98,36): warning C4244:             _Ty=float
C:\Users\Lefkos Savvides\Desktop\ProcGen\ProceduralGenerationCharacters\PCG_Character\MarkovChain.cpp(98,36): warning C4244:         ]
C:\Users\Lefkos Savvides\Desktop\ProcGen\ProceduralGenerationCharacters\PCG_Character\MarkovChain.cpp(115,20): warning C4018:  '<': signed/unsigned mismatch
C:\Users\Lefkos Savvides\Desktop\ProcGen\ProceduralGenerationCharacters\PCG_Character\MarkovChain.cpp(123,26): warning C4244:  'argument': conversion from 'time_t' to 'unsigned int', possible loss of data
C:\Users\Lefkos Savvides\Desktop\ProcGen\ProceduralGenerationCharacters\PCG_Character\MarkovChain.cpp(139,20): warning C4018:  '<': signed/unsigned mismatch
C:\Users\Lefkos Savvides\Desktop\ProcGen\ProceduralGenerationCharacters\PCG_Character\MarkovChain.cpp(155,36): warning C4018:  '<': signed/unsigned mismatch
C:\Users\Lefkos Savvides\Desktop\ProcGen\ProceduralGenerationCharacters\PCG_Character\MarkovChain.cpp(182,20): warning C4018:  '<': signed/unsigned mismatch
C:\Users\Lefkos Savvides\Desktop\ProcGen\ProceduralGenerationCharacters\PCG_Character\MarkovChain.cpp(198,36): warning C4018:  '<': signed/unsigned mismatch
C:\Users\Lefkos Savvides\Desktop\ProcGen\ProceduralGenerationCharacters\PCG_Character\MarkovChain.cpp(408,21): warning C4018:  '<': signed/unsigned mismatch
C:\Users\Lefkos Savvides\Desktop\ProcGen\ProceduralGenerationCharacters\PCG_Character\MarkovChain.cpp(435,21): warning C4018:  '<': signed/unsigned mismatch
C:\Users\Lefkos Savvides\Desktop\ProcGen\ProceduralGenerationCharacters\PCG_Character\MarkovChain.cpp(459,21): warning C4018:  '<': signed/unsigned mismatch
  PCG_Character.vcxproj -> C:\Users\Lefkos Savvides\Desktop\ProcGen\ProceduralGenerationCharacters\Debug\PCG_Character.exe
